{"/Users/mikkri/Developer/mikaelkristiansson/validators/src/date/is-valid.ts": {"path":"/Users/mikkri/Developer/mikaelkristiansson/validators/src/date/is-valid.ts","all":false,"statementMap":{"0":{"start":{"line":1,"column":0},"end":{"line":1,"column":71}},"2":{"start":{"line":3,"column":0},"end":{"line":3,"column":6}},"3":{"start":{"line":4,"column":0},"end":{"line":4,"column":30}},"4":{"start":{"line":5,"column":0},"end":{"line":5,"column":31}},"5":{"start":{"line":6,"column":0},"end":{"line":6,"column":26}},"6":{"start":{"line":7,"column":0},"end":{"line":7,"column":5}},"7":{"start":{"line":8,"column":0},"end":{"line":8,"column":17}},"8":{"start":{"line":9,"column":0},"end":{"line":9,"column":3}},"9":{"start":{"line":10,"column":0},"end":{"line":10,"column":43}},"10":{"start":{"line":11,"column":0},"end":{"line":11,"column":17}},"11":{"start":{"line":12,"column":0},"end":{"line":12,"column":3}},"14":{"start":{"line":15,"column":0},"end":{"line":15,"column":23}},"15":{"start":{"line":16,"column":0},"end":{"line":16,"column":7}},"16":{"start":{"line":17,"column":0},"end":{"line":17,"column":31}},"17":{"start":{"line":18,"column":0},"end":{"line":18,"column":7}},"18":{"start":{"line":19,"column":0},"end":{"line":19,"column":7}},"19":{"start":{"line":20,"column":0},"end":{"line":20,"column":7}},"20":{"start":{"line":21,"column":0},"end":{"line":21,"column":7}},"21":{"start":{"line":22,"column":0},"end":{"line":22,"column":7}},"22":{"start":{"line":23,"column":0},"end":{"line":23,"column":7}},"23":{"start":{"line":24,"column":0},"end":{"line":24,"column":7}},"24":{"start":{"line":25,"column":0},"end":{"line":25,"column":7}},"25":{"start":{"line":26,"column":0},"end":{"line":26,"column":7}},"26":{"start":{"line":27,"column":0},"end":{"line":27,"column":7}},"27":{"start":{"line":28,"column":0},"end":{"line":28,"column":4}},"30":{"start":{"line":31,"column":0},"end":{"line":31,"column":39}},"31":{"start":{"line":32,"column":0},"end":{"line":32,"column":1}},"34":{"start":{"line":35,"column":0},"end":{"line":35,"column":42}},"35":{"start":{"line":36,"column":0},"end":{"line":36,"column":66}},"36":{"start":{"line":37,"column":0},"end":{"line":37,"column":1}}},"s":{"0":1,"2":30,"3":30,"4":28,"5":26,"6":30,"7":6,"8":6,"9":30,"10":6,"11":6,"14":18,"15":18,"16":30,"17":30,"18":30,"19":30,"20":30,"21":30,"22":30,"23":30,"24":30,"25":30,"26":30,"27":30,"30":30,"31":30,"34":1,"35":24,"36":24},"branchMap":{"0":{"type":"branch","line":1,"loc":{"start":{"line":1,"column":7},"end":{"line":32,"column":1}},"locations":[{"start":{"line":1,"column":7},"end":{"line":32,"column":1}}]},"1":{"type":"branch","line":4,"loc":{"start":{"line":4,"column":26},"end":{"line":5,"column":31}},"locations":[{"start":{"line":4,"column":26},"end":{"line":5,"column":31}}]},"2":{"type":"branch","line":5,"loc":{"start":{"line":5,"column":27},"end":{"line":6,"column":26}},"locations":[{"start":{"line":5,"column":27},"end":{"line":6,"column":26}}]},"3":{"type":"branch","line":7,"loc":{"start":{"line":7,"column":4},"end":{"line":9,"column":3}},"locations":[{"start":{"line":7,"column":4},"end":{"line":9,"column":3}}]},"4":{"type":"branch","line":9,"loc":{"start":{"line":9,"column":2},"end":{"line":10,"column":19}},"locations":[{"start":{"line":9,"column":2},"end":{"line":10,"column":19}}]},"5":{"type":"branch","line":10,"loc":{"start":{"line":10,"column":14},"end":{"line":10,"column":33}},"locations":[{"start":{"line":10,"column":14},"end":{"line":10,"column":33}}]},"6":{"type":"branch","line":10,"loc":{"start":{"line":10,"column":27},"end":{"line":10,"column":42}},"locations":[{"start":{"line":10,"column":27},"end":{"line":10,"column":42}}]},"7":{"type":"branch","line":10,"loc":{"start":{"line":10,"column":42},"end":{"line":12,"column":3}},"locations":[{"start":{"line":10,"column":42},"end":{"line":12,"column":3}}]},"8":{"type":"branch","line":12,"loc":{"start":{"line":12,"column":2},"end":{"line":17,"column":23}},"locations":[{"start":{"line":12,"column":2},"end":{"line":17,"column":23}}]},"9":{"type":"branch","line":17,"loc":{"start":{"line":17,"column":19},"end":{"line":17,"column":28}},"locations":[{"start":{"line":17,"column":19},"end":{"line":17,"column":28}}]},"10":{"type":"branch","line":17,"loc":{"start":{"line":17,"column":23},"end":{"line":17,"column":31}},"locations":[{"start":{"line":17,"column":23},"end":{"line":17,"column":31}}]},"11":{"type":"branch","line":35,"loc":{"start":{"line":35,"column":7},"end":{"line":37,"column":1}},"locations":[{"start":{"line":35,"column":7},"end":{"line":37,"column":1}}]},"12":{"type":"branch","line":36,"loc":{"start":{"line":36,"column":23},"end":{"line":36,"column":49}},"locations":[{"start":{"line":36,"column":23},"end":{"line":36,"column":49}}]},"13":{"type":"branch","line":36,"loc":{"start":{"line":36,"column":43},"end":{"line":36,"column":66}},"locations":[{"start":{"line":36,"column":43},"end":{"line":36,"column":66}}]}},"b":{"0":[30],"1":[28],"2":[26],"3":[6],"4":[24],"5":[22],"6":[20],"7":[6],"8":[18],"9":[4],"10":[14],"11":[24],"12":[9],"13":[19]},"fnMap":{"0":{"name":"isValidDate","decl":{"start":{"line":1,"column":7},"end":{"line":32,"column":1}},"loc":{"start":{"line":1,"column":7},"end":{"line":32,"column":1}},"line":1},"1":{"name":"isLeapYear","decl":{"start":{"line":35,"column":7},"end":{"line":37,"column":1}},"loc":{"start":{"line":35,"column":7},"end":{"line":37,"column":1}},"line":35}},"f":{"0":30,"1":24}}
,"/Users/mikkri/Developer/mikaelkristiansson/validators/src/ssn/validate-se.ts": {"path":"/Users/mikkri/Developer/mikaelkristiansson/validators/src/ssn/validate-se.ts","all":false,"statementMap":{"0":{"start":{"line":1,"column":0},"end":{"line":1,"column":47}},"3":{"start":{"line":4,"column":0},"end":{"line":4,"column":45}},"5":{"start":{"line":6,"column":0},"end":{"line":6,"column":27}},"7":{"start":{"line":8,"column":0},"end":{"line":8,"column":33}},"8":{"start":{"line":9,"column":0},"end":{"line":9,"column":30}},"9":{"start":{"line":10,"column":0},"end":{"line":10,"column":55}},"10":{"start":{"line":11,"column":0},"end":{"line":11,"column":12}},"11":{"start":{"line":12,"column":0},"end":{"line":12,"column":55}},"12":{"start":{"line":13,"column":0},"end":{"line":13,"column":5}},"13":{"start":{"line":14,"column":0},"end":{"line":14,"column":3}},"14":{"start":{"line":15,"column":0},"end":{"line":15,"column":6}},"15":{"start":{"line":16,"column":0},"end":{"line":16,"column":17}},"16":{"start":{"line":17,"column":0},"end":{"line":17,"column":70}},"17":{"start":{"line":18,"column":0},"end":{"line":18,"column":5}},"19":{"start":{"line":20,"column":0},"end":{"line":20,"column":17}},"22":{"start":{"line":23,"column":0},"end":{"line":23,"column":33}},"23":{"start":{"line":24,"column":0},"end":{"line":24,"column":28}},"24":{"start":{"line":25,"column":0},"end":{"line":25,"column":31}},"25":{"start":{"line":26,"column":0},"end":{"line":26,"column":3}},"27":{"start":{"line":28,"column":0},"end":{"line":28,"column":54}},"29":{"start":{"line":30,"column":0},"end":{"line":30,"column":49}},"30":{"start":{"line":31,"column":0},"end":{"line":31,"column":46}},"31":{"start":{"line":32,"column":0},"end":{"line":32,"column":44}},"33":{"start":{"line":34,"column":0},"end":{"line":34,"column":39}},"34":{"start":{"line":35,"column":0},"end":{"line":35,"column":17}},"35":{"start":{"line":36,"column":0},"end":{"line":36,"column":3}},"38":{"start":{"line":39,"column":0},"end":{"line":39,"column":43}},"39":{"start":{"line":40,"column":0},"end":{"line":40,"column":29}},"40":{"start":{"line":41,"column":0},"end":{"line":41,"column":27}},"42":{"start":{"line":43,"column":0},"end":{"line":43,"column":14}},"43":{"start":{"line":44,"column":0},"end":{"line":44,"column":10}},"46":{"start":{"line":47,"column":0},"end":{"line":47,"column":6}},"47":{"start":{"line":48,"column":0},"end":{"line":48,"column":60}},"48":{"start":{"line":49,"column":0},"end":{"line":49,"column":22}},"50":{"start":{"line":51,"column":0},"end":{"line":51,"column":17}},"53":{"start":{"line":54,"column":0},"end":{"line":54,"column":45}},"54":{"start":{"line":55,"column":0},"end":{"line":55,"column":38}},"55":{"start":{"line":56,"column":0},"end":{"line":56,"column":36}},"56":{"start":{"line":57,"column":0},"end":{"line":57,"column":30}},"57":{"start":{"line":58,"column":0},"end":{"line":58,"column":17}},"58":{"start":{"line":59,"column":0},"end":{"line":59,"column":3}},"59":{"start":{"line":60,"column":0},"end":{"line":60,"column":23}},"60":{"start":{"line":61,"column":0},"end":{"line":61,"column":1}}},"s":{"0":1,"3":1,"5":9,"7":8,"8":8,"9":1,"10":8,"11":7,"12":7,"13":8,"14":8,"15":8,"16":8,"17":8,"19":9,"22":6,"23":9,"24":5,"25":5,"27":6,"29":6,"30":6,"31":6,"33":9,"34":1,"35":1,"38":5,"39":5,"40":5,"42":5,"43":5,"46":5,"47":5,"48":5,"50":9,"53":9,"54":50,"55":50,"56":50,"57":50,"58":50,"59":5,"60":5},"branchMap":{"0":{"type":"branch","line":4,"loc":{"start":{"line":4,"column":7},"end":{"line":61,"column":1}},"locations":[{"start":{"line":4,"column":7},"end":{"line":61,"column":1}}]},"1":{"type":"branch","line":6,"loc":{"start":{"line":6,"column":14},"end":{"line":6,"column":27}},"locations":[{"start":{"line":6,"column":14},"end":{"line":6,"column":27}}]},"2":{"type":"branch","line":6,"loc":{"start":{"line":6,"column":21},"end":{"line":20,"column":11}},"locations":[{"start":{"line":6,"column":21},"end":{"line":20,"column":11}}]},"3":{"type":"branch","line":9,"loc":{"start":{"line":9,"column":29},"end":{"line":11,"column":11}},"locations":[{"start":{"line":9,"column":29},"end":{"line":11,"column":11}}]},"4":{"type":"branch","line":11,"loc":{"start":{"line":11,"column":4},"end":{"line":13,"column":5}},"locations":[{"start":{"line":11,"column":4},"end":{"line":13,"column":5}}]},"5":{"type":"branch","line":20,"loc":{"start":{"line":20,"column":4},"end":{"line":20,"column":17}},"locations":[{"start":{"line":20,"column":4},"end":{"line":20,"column":17}}]},"6":{"type":"branch","line":20,"loc":{"start":{"line":20,"column":11},"end":{"line":24,"column":27}},"locations":[{"start":{"line":20,"column":11},"end":{"line":24,"column":27}}]},"7":{"type":"branch","line":24,"loc":{"start":{"line":24,"column":27},"end":{"line":26,"column":3}},"locations":[{"start":{"line":24,"column":27},"end":{"line":26,"column":3}}]},"8":{"type":"branch","line":26,"loc":{"start":{"line":26,"column":2},"end":{"line":34,"column":38}},"locations":[{"start":{"line":26,"column":2},"end":{"line":34,"column":38}}]},"9":{"type":"branch","line":34,"loc":{"start":{"line":34,"column":38},"end":{"line":36,"column":3}},"locations":[{"start":{"line":34,"column":38},"end":{"line":36,"column":3}}]},"10":{"type":"branch","line":36,"loc":{"start":{"line":36,"column":2},"end":{"line":49,"column":22}},"locations":[{"start":{"line":36,"column":2},"end":{"line":49,"column":22}}]},"11":{"type":"branch","line":51,"loc":{"start":{"line":51,"column":4},"end":{"line":51,"column":17}},"locations":[{"start":{"line":51,"column":4},"end":{"line":51,"column":17}}]},"12":{"type":"branch","line":51,"loc":{"start":{"line":51,"column":11},"end":{"line":54,"column":44}},"locations":[{"start":{"line":51,"column":11},"end":{"line":54,"column":44}}]},"13":{"type":"branch","line":54,"loc":{"start":{"line":54,"column":44},"end":{"line":59,"column":3}},"locations":[{"start":{"line":54,"column":44},"end":{"line":59,"column":3}}]},"14":{"type":"branch","line":56,"loc":{"start":{"line":56,"column":25},"end":{"line":56,"column":36}},"locations":[{"start":{"line":56,"column":25},"end":{"line":56,"column":36}}]},"15":{"type":"branch","line":57,"loc":{"start":{"line":57,"column":19},"end":{"line":57,"column":30}},"locations":[{"start":{"line":57,"column":19},"end":{"line":57,"column":30}}]},"16":{"type":"branch","line":59,"loc":{"start":{"line":59,"column":2},"end":{"line":61,"column":1}},"locations":[{"start":{"line":59,"column":2},"end":{"line":61,"column":1}}]}},"b":{"0":[9],"1":[1],"2":[8],"3":[1],"4":[7],"5":[2],"6":[6],"7":[5],"8":[6],"9":[1],"10":[5],"11":[0],"12":[5],"13":[50],"14":[25],"15":[9],"16":[5]},"fnMap":{"0":{"name":"isValidSESSN","decl":{"start":{"line":4,"column":7},"end":{"line":61,"column":1}},"loc":{"start":{"line":4,"column":7},"end":{"line":61,"column":1}},"line":4}},"f":{"0":9}}
}
